Using pre-set license
Built from '2020.3/staging' branch; Version is '2020.3.18f1 (a7d1c678663c) revision 10998214'; Using compiler version '192528614'; Build Type 'Release'
OS: 'Windows 10 Home; OS build 19043.1165; Version 2009; 64bit' Language: 'en' Physical Memory: 32677 MB
BatchMode: 1, IsHumanControllingUs: 0, StartBugReporterOnCrash: 0, Is64bit: 1, IsPro: 0

COMMAND LINE ARGUMENTS:
C:\Program Files\Unity\Hub\Editor\2020.3.18f1\Editor\Unity.exe
-adb2
-batchMode
-noUpm
-name
AssetImportWorker0
-projectPath
C:/Users/ryana/OneDrive/Desktop/Unity/UnityExtended/Unity Extended
-logFile
Logs/AssetImportWorker0.log
-srvPort
49889
Successfully changed project path to: C:/Users/ryana/OneDrive/Desktop/Unity/UnityExtended/Unity Extended
C:/Users/ryana/OneDrive/Desktop/Unity/UnityExtended/Unity Extended
Using Asset Import Pipeline V2.
Refreshing native plugins compatible for Editor in 31.85 ms, found 2 plugins.
Preloading 0 native plugins for Editor in 0.00 ms.
Initialize engine version: 2020.3.18f1 (a7d1c678663c)
[Subsystems] Discovering subsystems at path C:/Program Files/Unity/Hub/Editor/2020.3.18f1/Editor/Data/Resources/UnitySubsystems
[Subsystems] Discovering subsystems at path C:/Users/ryana/OneDrive/Desktop/Unity/UnityExtended/Unity Extended/Assets
GfxDevice: creating device client; threaded=0
Direct3D:
    Version:  Direct3D 11.0 [level 11.1]
    Renderer: NVIDIA GeForce RTX 2060 (ID=0x1f08)
    Vendor:   
    VRAM:     5980 MB
    Driver:   27.21.14.5751
Initialize mono
Mono path[0] = 'C:/Program Files/Unity/Hub/Editor/2020.3.18f1/Editor/Data/Managed'
Mono path[1] = 'C:/Program Files/Unity/Hub/Editor/2020.3.18f1/Editor/Data/MonoBleedingEdge/lib/mono/unityjit'
Mono config path = 'C:/Program Files/Unity/Hub/Editor/2020.3.18f1/Editor/Data/MonoBleedingEdge/etc'
Using monoOptions --debugger-agent=transport=dt_socket,embedding=1,server=y,suspend=n,address=127.0.0.1:56924
Begin MonoManager ReloadAssembly
Registering precompiled unity dll's ...
Register platform support module: C:/Program Files/Unity/Hub/Editor/2020.3.18f1/Editor/Data/PlaybackEngines/WindowsStandaloneSupport/UnityEditor.WindowsStandalone.Extensions.dll
Registered in 0.113619 seconds.
Native extension for WindowsStandalone target not found
Refreshing native plugins compatible for Editor in 36.61 ms, found 2 plugins.
Preloading 0 native plugins for Editor in 0.00 ms.
Mono: successfully reloaded assembly
- Completed reload, in  3.627 seconds
Domain Reload Profiling:
	ReloadAssembly (3627ms)
		BeginReloadAssembly (1939ms)
			ExecutionOrderSort (0ms)
			DisableScriptedObjects (0ms)
			BackupInstance (0ms)
			ReleaseScriptingObjects (0ms)
			CreateAndSetChildDomain (1ms)
		EndReloadAssembly (675ms)
			LoadAssemblies (1935ms)
			RebuildTransferFunctionScriptingTraits (0ms)
			SetupTypeCache (387ms)
			ReleaseScriptCaches (0ms)
			RebuildScriptCaches (30ms)
			SetupLoadedEditorAssemblies (184ms)
				LogAssemblyErrors (0ms)
				InitializePlatformSupportModulesInManaged (4ms)
				SetLoadedEditorAssemblies (0ms)
				RefreshPlugins (37ms)
				BeforeProcessingInitializeOnLoad (9ms)
				ProcessInitializeOnLoadAttributes (91ms)
				ProcessInitializeOnLoadMethodAttributes (43ms)
				AfterProcessingInitializeOnLoad (0ms)
				EditorAssembliesLoaded (0ms)
			ExecutionOrderSort2 (0ms)
			AwakeInstancesAfterBackupRestoration (0ms)
Platform modules already initialized, skipping
Registering precompiled user dll's ...
Registered in 0.004646 seconds.
Begin MonoManager ReloadAssembly
Native extension for WindowsStandalone target not found
Refreshing native plugins compatible for Editor in 0.34 ms, found 2 plugins.
Preloading 0 native plugins for Editor in 0.00 ms.
Mono: successfully reloaded assembly
- Completed reload, in  1.153 seconds
Domain Reload Profiling:
	ReloadAssembly (1154ms)
		BeginReloadAssembly (153ms)
			ExecutionOrderSort (0ms)
			DisableScriptedObjects (5ms)
			BackupInstance (0ms)
			ReleaseScriptingObjects (0ms)
			CreateAndSetChildDomain (17ms)
		EndReloadAssembly (931ms)
			LoadAssemblies (92ms)
			RebuildTransferFunctionScriptingTraits (0ms)
			SetupTypeCache (268ms)
			ReleaseScriptCaches (0ms)
			RebuildScriptCaches (45ms)
			SetupLoadedEditorAssemblies (428ms)
				LogAssemblyErrors (0ms)
				InitializePlatformSupportModulesInManaged (7ms)
				SetLoadedEditorAssemblies (1ms)
				RefreshPlugins (0ms)
				BeforeProcessingInitializeOnLoad (58ms)
				ProcessInitializeOnLoadAttributes (349ms)
				ProcessInitializeOnLoadMethodAttributes (4ms)
				AfterProcessingInitializeOnLoad (9ms)
				EditorAssembliesLoaded (0ms)
			ExecutionOrderSort2 (0ms)
			AwakeInstancesAfterBackupRestoration (7ms)
Platform modules already initialized, skipping
========================================================================
Worker process is ready to serve import requests
Launched and connected shader compiler UnityShaderCompiler.exe after 0.08 seconds
Refreshing native plugins compatible for Editor in 0.31 ms, found 2 plugins.
Preloading 0 native plugins for Editor in 0.00 ms.
Unloading 1398 Unused Serialized files (Serialized files now loaded: 0)
System memory in use before: 64.9 MB.
System memory in use after: 64.9 MB.

Unloading 16 unused Assets to reduce memory usage. Loaded Objects now: 1833.
Total: 2.788700 ms (FindLiveObjects: 0.162800 ms CreateObjectMapping: 0.030000 ms MarkObjects: 2.525900 ms  DeleteObjects: 0.068000 ms)

AssetImportParameters requested are different than current active one (requested -> active):
  custom:framework-win-MediaFoundation: 216162199b28c13a410421893ffa2e32 -> 
  custom:video-decoder-ogg-theora: a1e56fd34408186e4bbccfd4996cb3dc -> 
  custom:container-muxer-webm: aa71ff27fc2769a1b78a27578f13a17b -> 
  custom:container-demuxer-webm: 4f35f7cbe854078d1ac9338744f61a02 -> 
  custom:container-demuxer-ogg: 62fdf1f143b41e24485cea50d1cbac27 -> 
  custom:video-encoder-webm-vp8: eb34c28f22e8b96e1ab97ce403110664 -> 
  custom:video-decoder-webm-vp8: 9c59270c3fd7afecdb556c50c9e8de78 -> 
  custom:audio-decoder-ogg-vorbis: bf7c407c2cedff20999df2af8eb42d56 -> 
  custom:audio-encoder-webm-vorbis: bf7c407c2cedff20999df2af8eb42d56 -> 
========================================================================
Received Import Request.
  path: Assets/UnityEngine.Extended/Tweening/Tween.cs
  artifactKey: Guid(e27caded167fc43438ad61c475a05196) Importer(815301076,1909f56bfc062723c751e8b465ee728b)
Start importing Assets/UnityEngine.Extended/Tweening/Tween.cs using Guid(e27caded167fc43438ad61c475a05196) Importer(815301076,1909f56bfc062723c751e8b465ee728b)  -> (artifact id: 'da351f16557592414e106dee8c12acd0') in 0.023836 seconds 
  Import took 0.028010 seconds .

========================================================================
Received Prepare
Registering precompiled user dll's ...
Registered in 0.004496 seconds.
Begin MonoManager ReloadAssembly
Native extension for WindowsStandalone target not found
Refreshing native plugins compatible for Editor in 0.32 ms, found 2 plugins.
Preloading 0 native plugins for Editor in 0.00 ms.
Mono: successfully reloaded assembly
- Completed reload, in  0.956 seconds
Domain Reload Profiling:
	ReloadAssembly (957ms)
		BeginReloadAssembly (113ms)
			ExecutionOrderSort (0ms)
			DisableScriptedObjects (5ms)
			BackupInstance (0ms)
			ReleaseScriptingObjects (0ms)
			CreateAndSetChildDomain (28ms)
		EndReloadAssembly (766ms)
			LoadAssemblies (94ms)
			RebuildTransferFunctionScriptingTraits (0ms)
			SetupTypeCache (259ms)
			ReleaseScriptCaches (1ms)
			RebuildScriptCaches (37ms)
			SetupLoadedEditorAssemblies (286ms)
				LogAssemblyErrors (0ms)
				InitializePlatformSupportModulesInManaged (5ms)
				SetLoadedEditorAssemblies (0ms)
				RefreshPlugins (0ms)
				BeforeProcessingInitializeOnLoad (55ms)
				ProcessInitializeOnLoadAttributes (211ms)
				ProcessInitializeOnLoadMethodAttributes (4ms)
				AfterProcessingInitializeOnLoad (9ms)
				EditorAssembliesLoaded (0ms)
			ExecutionOrderSort2 (0ms)
			AwakeInstancesAfterBackupRestoration (7ms)
Platform modules already initialized, skipping
Refreshing native plugins compatible for Editor in 0.38 ms, found 2 plugins.
Preloading 0 native plugins for Editor in 0.00 ms.
Unloading 1392 Unused Serialized files (Serialized files now loaded: 0)
System memory in use before: 64.7 MB.
System memory in use after: 64.8 MB.

Unloading 11 unused Assets to reduce memory usage. Loaded Objects now: 1835.
Total: 2.616700 ms (FindLiveObjects: 0.150700 ms CreateObjectMapping: 0.030000 ms MarkObjects: 2.417400 ms  DeleteObjects: 0.017800 ms)

AssetImportParameters requested are different than current active one (requested -> active):
  custom:framework-win-MediaFoundation: 216162199b28c13a410421893ffa2e32 -> 
  custom:video-decoder-ogg-theora: a1e56fd34408186e4bbccfd4996cb3dc -> 
  custom:container-muxer-webm: aa71ff27fc2769a1b78a27578f13a17b -> 
  custom:container-demuxer-webm: 4f35f7cbe854078d1ac9338744f61a02 -> 
  custom:container-demuxer-ogg: 62fdf1f143b41e24485cea50d1cbac27 -> 
  custom:video-encoder-webm-vp8: eb34c28f22e8b96e1ab97ce403110664 -> 
  custom:video-decoder-webm-vp8: 9c59270c3fd7afecdb556c50c9e8de78 -> 
  custom:audio-decoder-ogg-vorbis: bf7c407c2cedff20999df2af8eb42d56 -> 
  custom:audio-encoder-webm-vorbis: bf7c407c2cedff20999df2af8eb42d56 -> 
========================================================================
Received Import Request.
  Time since last request: 25.805724 seconds.
  path: Assets/UnityEngine.Extended/Tweening/Tween.cs
  artifactKey: Guid(e27caded167fc43438ad61c475a05196) Importer(815301076,1909f56bfc062723c751e8b465ee728b)
Start importing Assets/UnityEngine.Extended/Tweening/Tween.cs using Guid(e27caded167fc43438ad61c475a05196) Importer(815301076,1909f56bfc062723c751e8b465ee728b)  -> (artifact id: '9ee1c909450228d0460448f585a559a3') in 0.005492 seconds 
  Import took 0.010473 seconds .

========================================================================
Received Import Request.
  Time since last request: 389.161642 seconds.
  path: Assets/UnityEngine.Extended/Tweening/Tween.cs
  artifactKey: Guid(e27caded167fc43438ad61c475a05196) Importer(815301076,1909f56bfc062723c751e8b465ee728b)
Start importing Assets/UnityEngine.Extended/Tweening/Tween.cs using Guid(e27caded167fc43438ad61c475a05196) Importer(815301076,1909f56bfc062723c751e8b465ee728b)  -> (artifact id: 'd8472b63f672ef968e2a2d3c3a021d7a') in 0.002803 seconds 
  Import took 0.007266 seconds .

========================================================================
Received Import Request.
  Time since last request: 39.356723 seconds.
  path: Assets/UnityEngine.Extended/Tweening/Tweener.cs
  artifactKey: Guid(2c1374ea4f8b69d4d99f63ae9e18752a) Importer(815301076,1909f56bfc062723c751e8b465ee728b)
Start importing Assets/UnityEngine.Extended/Tweening/Tweener.cs using Guid(2c1374ea4f8b69d4d99f63ae9e18752a) Importer(815301076,1909f56bfc062723c751e8b465ee728b)  -> (artifact id: 'c587a86a54fafd71c224658fa0b66256') in 0.008177 seconds 
  Import took 0.012559 seconds .

========================================================================
Received Prepare
Registering precompiled user dll's ...
Registered in 0.004031 seconds.
Begin MonoManager ReloadAssembly
Native extension for WindowsStandalone target not found
Refreshing native plugins compatible for Editor in 0.32 ms, found 2 plugins.
Preloading 0 native plugins for Editor in 0.00 ms.
Mono: successfully reloaded assembly
- Completed reload, in  0.929 seconds
Domain Reload Profiling:
	ReloadAssembly (929ms)
		BeginReloadAssembly (108ms)
			ExecutionOrderSort (0ms)
			DisableScriptedObjects (5ms)
			BackupInstance (0ms)
			ReleaseScriptingObjects (0ms)
			CreateAndSetChildDomain (30ms)
		EndReloadAssembly (748ms)
			LoadAssemblies (87ms)
			RebuildTransferFunctionScriptingTraits (0ms)
			SetupTypeCache (258ms)
			ReleaseScriptCaches (1ms)
			RebuildScriptCaches (36ms)
			SetupLoadedEditorAssemblies (274ms)
				LogAssemblyErrors (0ms)
				InitializePlatformSupportModulesInManaged (5ms)
				SetLoadedEditorAssemblies (0ms)
				RefreshPlugins (0ms)
				BeforeProcessingInitializeOnLoad (52ms)
				ProcessInitializeOnLoadAttributes (203ms)
				ProcessInitializeOnLoadMethodAttributes (4ms)
				AfterProcessingInitializeOnLoad (9ms)
				EditorAssembliesLoaded (0ms)
			ExecutionOrderSort2 (0ms)
			AwakeInstancesAfterBackupRestoration (7ms)
Platform modules already initialized, skipping
Refreshing native plugins compatible for Editor in 0.44 ms, found 2 plugins.
Preloading 0 native plugins for Editor in 0.00 ms.
Unloading 1390 Unused Serialized files (Serialized files now loaded: 0)
System memory in use before: 64.7 MB.
System memory in use after: 64.8 MB.

Unloading 13 unused Assets to reduce memory usage. Loaded Objects now: 1835.
Total: 2.647500 ms (FindLiveObjects: 0.161100 ms CreateObjectMapping: 0.031100 ms MarkObjects: 2.436500 ms  DeleteObjects: 0.018000 ms)

AssetImportParameters requested are different than current active one (requested -> active):
  custom:framework-win-MediaFoundation: 216162199b28c13a410421893ffa2e32 -> 
  custom:video-decoder-ogg-theora: a1e56fd34408186e4bbccfd4996cb3dc -> 
  custom:container-muxer-webm: aa71ff27fc2769a1b78a27578f13a17b -> 
  custom:container-demuxer-webm: 4f35f7cbe854078d1ac9338744f61a02 -> 
  custom:container-demuxer-ogg: 62fdf1f143b41e24485cea50d1cbac27 -> 
  custom:video-encoder-webm-vp8: eb34c28f22e8b96e1ab97ce403110664 -> 
  custom:video-decoder-webm-vp8: 9c59270c3fd7afecdb556c50c9e8de78 -> 
  custom:audio-decoder-ogg-vorbis: bf7c407c2cedff20999df2af8eb42d56 -> 
  custom:audio-encoder-webm-vorbis: bf7c407c2cedff20999df2af8eb42d56 -> 
========================================================================
Received Import Request.
  Time since last request: 343.325116 seconds.
  path: Assets/UnityEngine.Extended/Math
  artifactKey: Guid(43d739e0b363e7144afcc172d626a041) Importer(815301076,1909f56bfc062723c751e8b465ee728b)
Start importing Assets/UnityEngine.Extended/Math using Guid(43d739e0b363e7144afcc172d626a041) Importer(815301076,1909f56bfc062723c751e8b465ee728b)  -> (artifact id: '081f9eeb3004d8e03f0ed389dc291235') in 0.009848 seconds 
  Import took 0.014537 seconds .

========================================================================
Received Import Request.
  Time since last request: 0.003976 seconds.
  path: Assets/UnityEngine.Extended/Math
  artifactKey: Guid(43d739e0b363e7144afcc172d626a041) Importer(815301076,1909f56bfc062723c751e8b465ee728b)
Start importing Assets/UnityEngine.Extended/Math using Guid(43d739e0b363e7144afcc172d626a041) Importer(815301076,1909f56bfc062723c751e8b465ee728b)  -> (artifact id: '081f9eeb3004d8e03f0ed389dc291235') in 0.003057 seconds 
  Import took 0.008104 seconds .

========================================================================
Received Import Request.
  Time since last request: 9.083623 seconds.
  path: Assets/UnityEngine.Extended/Math/Vector2Extensions.cs
  artifactKey: Guid(ebf1b645a1cc3f94192b032bfa60537d) Importer(815301076,1909f56bfc062723c751e8b465ee728b)
Start importing Assets/UnityEngine.Extended/Math/Vector2Extensions.cs using Guid(ebf1b645a1cc3f94192b032bfa60537d) Importer(815301076,1909f56bfc062723c751e8b465ee728b)  -> (artifact id: 'f7a724727156d8e7b6391d25df5c6618') in 0.006830 seconds 
  Import took 0.011862 seconds .

========================================================================
Received Import Request.
  Time since last request: 0.023502 seconds.
  path: Assets/UnityEngine.Extended/Math/Vector2Extensions.cs
  artifactKey: Guid(ebf1b645a1cc3f94192b032bfa60537d) Importer(815301076,1909f56bfc062723c751e8b465ee728b)
Start importing Assets/UnityEngine.Extended/Math/Vector2Extensions.cs using Guid(ebf1b645a1cc3f94192b032bfa60537d) Importer(815301076,1909f56bfc062723c751e8b465ee728b)  -> (artifact id: 'f7a724727156d8e7b6391d25df5c6618') in 0.003453 seconds 
  Import took 0.009043 seconds .

========================================================================
Received Import Request.
  Time since last request: 965.363878 seconds.
  path: Assets/UnityEngine.Extended/Math/Mathf.cs
  artifactKey: Guid(e56cb690f43ccfe439f28e95c7de0086) Importer(815301076,1909f56bfc062723c751e8b465ee728b)
Start importing Assets/UnityEngine.Extended/Math/Mathf.cs using Guid(e56cb690f43ccfe439f28e95c7de0086) Importer(815301076,1909f56bfc062723c751e8b465ee728b)  -> (artifact id: 'a121bdb4d33190234369c44fce7b6dea') in 0.008878 seconds 
  Import took 0.014670 seconds .

========================================================================
Received Import Request.
  Time since last request: 79.100010 seconds.
  path: Assets/UnityEngine.Extended/Math/Mathf.cs
  artifactKey: Guid(e56cb690f43ccfe439f28e95c7de0086) Importer(815301076,1909f56bfc062723c751e8b465ee728b)
Start importing Assets/UnityEngine.Extended/Math/Mathf.cs using Guid(e56cb690f43ccfe439f28e95c7de0086) Importer(815301076,1909f56bfc062723c751e8b465ee728b)  -> (artifact id: '911350e3a3ef13ba8c4fc2b9239d5165') in 0.003410 seconds 
  Import took 0.008804 seconds .

========================================================================
Received Import Request.
  Time since last request: 13.013520 seconds.
  path: Assets/UnityEngine.Extended/Math/Mathf.cs
  artifactKey: Guid(e56cb690f43ccfe439f28e95c7de0086) Importer(815301076,1909f56bfc062723c751e8b465ee728b)
Start importing Assets/UnityEngine.Extended/Math/Mathf.cs using Guid(e56cb690f43ccfe439f28e95c7de0086) Importer(815301076,1909f56bfc062723c751e8b465ee728b)  -> (artifact id: '4735bdffb7ed8fa32622a7e5f8c69e7f') in 0.003776 seconds 
  Import took 0.007039 seconds .

========================================================================
Received Import Request.
  Time since last request: 14.307244 seconds.
  path: Assets/UnityEngine.Extended/Math/Mathf.cs
  artifactKey: Guid(e56cb690f43ccfe439f28e95c7de0086) Importer(815301076,1909f56bfc062723c751e8b465ee728b)
Start importing Assets/UnityEngine.Extended/Math/Mathf.cs using Guid(e56cb690f43ccfe439f28e95c7de0086) Importer(815301076,1909f56bfc062723c751e8b465ee728b)  -> (artifact id: '8b3eb2fc7b4bde73f7a25a93a31cbcd2') in 0.004614 seconds 
  Import took 0.008377 seconds .

AssetImportWorkerClient::OnTransportError - code=2 error=End of file
